// <autogenerated>
//   This file contains the list of files generated by ModelFromDatabase.tt.
//   It is used by T4 Toolbox (http://www.codeplex.com/t4toolbox) to automatically delete
//   generated files that are no longer necessary. Do not modify this file manually. Manual
//   changes may cause orphaned files and will be lost next time the code is regenerated.
// </autogenerated>
.\dbo\AWBuildVersion.generated.cs
.\dbo\DatabaseLog.generated.cs
.\dbo\ErrorLog.generated.cs
.\dbo\sysdiagrams.generated.cs
.\HumanResources\Department.generated.cs
.\HumanResources\Employee.generated.cs
.\HumanResources\EmployeeAddress.generated.cs
.\HumanResources\EmployeeDepartmentHistory.generated.cs
.\HumanResources\EmployeePayHistory.generated.cs
.\HumanResources\JobCandidate.generated.cs
.\HumanResources\Shift.generated.cs
.\Person\Address.generated.cs
.\Person\AddressType.generated.cs
.\Person\Contact.generated.cs
.\Person\ContactType.generated.cs
.\Person\CountryRegion.generated.cs
.\Person\StateProvince.generated.cs
.\Production\BillOfMaterials.generated.cs
.\Production\Culture.generated.cs
.\Production\Document.generated.cs
.\Production\Illustration.generated.cs
.\Production\Location.generated.cs
.\Production\Product.generated.cs
.\Production\ProductCategory.generated.cs
.\Production\ProductCostHistory.generated.cs
.\Production\ProductDescription.generated.cs
.\Production\ProductDocument.generated.cs
.\Production\ProductInventory.generated.cs
.\Production\ProductListPriceHistory.generated.cs
.\Production\ProductModel.generated.cs
.\Production\ProductModelIllustration.generated.cs
.\Production\ProductModelProductDescriptionCulture.generated.cs
.\Production\ProductPhoto.generated.cs
.\Production\ProductProductPhoto.generated.cs
.\Production\ProductReview.generated.cs
.\Production\ProductSubcategory.generated.cs
.\Production\ScrapReason.generated.cs
.\Production\TransactionHistory.generated.cs
.\Production\TransactionHistoryArchive.generated.cs
.\Production\UnitMeasure.generated.cs
.\Production\WorkOrder.generated.cs
.\Production\WorkOrderRouting.generated.cs
.\Purchasing\ProductVendor.generated.cs
.\Purchasing\PurchaseOrderDetail.generated.cs
.\Purchasing\PurchaseOrderHeader.generated.cs
.\Purchasing\ShipMethod.generated.cs
.\Purchasing\Vendor.generated.cs
.\Purchasing\VendorAddress.generated.cs
.\Purchasing\VendorContact.generated.cs
.\Sales\ContactCreditCard.generated.cs
.\Sales\CountryRegionCurrency.generated.cs
.\Sales\CreditCard.generated.cs
.\Sales\Currency.generated.cs
.\Sales\CurrencyRate.generated.cs
.\Sales\Customer.generated.cs
.\Sales\CustomerAddress.generated.cs
.\Sales\Individual.generated.cs
.\Sales\SalesOrderDetail.generated.cs
.\Sales\SalesOrderHeader.generated.cs
.\Sales\SalesOrderHeaderSalesReason.generated.cs
.\Sales\SalesPerson.generated.cs
.\Sales\SalesPersonQuotaHistory.generated.cs
.\Sales\SalesReason.generated.cs
.\Sales\SalesTaxRate.generated.cs
.\Sales\SalesTerritory.generated.cs
.\Sales\SalesTerritoryHistory.generated.cs
.\Sales\ShoppingCartItem.generated.cs
.\Sales\SpecialOffer.generated.cs
.\Sales\SpecialOfferProduct.generated.cs
.\Sales\Store.generated.cs
.\Sales\StoreContact.generated.cs
.\ModelFromDatabase.tt.log
